<?xml version="1.0" encoding="UTF-8"?>
<!-- Generated by org.testng.reporters.JUnitXMLReporter -->
<testsuite ignored="0" hostname="DESKTOP-5UI1TGH" failures="1" tests="2" name="Test" time="32.433" errors="0" timestamp="2024-11-14T08:01:10 GMT-08:00">
  <testcase classname="testCases.TC001_AccountRegistrationTest" name="verify_account_registration" time="4.726"/>
  <testcase classname="testCases.TC002_LoginTest" name="verify_login" time="11.731">
    <failure type="java.lang.AssertionError" message="Login Failed expected [true] but found [false]">
      <![CDATA[java.lang.AssertionError: Login Failed expected [true] but found [false]
at testCases.TC002_LoginTest.verify_login(TC002_LoginTest.java:36)
at java.base/java.util.ArrayList.forEach(ArrayList.java:1597)
... Removed 31 stack frames]]>
    </failure>
  </testcase> <!-- verify_login -->
</testsuite> <!-- Test -->
