<?xml version="1.0" encoding="UTF-8"?>
<testng-results ignored="0" total="1" passed="1" failed="0" skipped="0">
  <reporter-output>
  </reporter-output>
  <suite started-at="2024-11-14T08:06:38 GMT-08:00" name="Failed suite [Master Suite]" finished-at="2024-11-14T08:06:49 GMT-08:00" duration-ms="10589">
    <groups>
      <group name="Master">
        <method signature="TC002_LoginTest.verify_login()[pri:0, instance:testCases.TC002_LoginTest@b7838a9]" name="verify_login" class="testCases.TC002_LoginTest"/>
      </group> <!-- Master -->
      <group name="Sanity">
        <method signature="TC002_LoginTest.verify_login()[pri:0, instance:testCases.TC002_LoginTest@b7838a9]" name="verify_login" class="testCases.TC002_LoginTest"/>
      </group> <!-- Sanity -->
    </groups>
    <test started-at="2024-11-14T08:06:38 GMT-08:00" name="Test(failed)" finished-at="2024-11-14T08:06:49 GMT-08:00" duration-ms="10589">
      <class name="testCases.TC002_LoginTest">
        <test-method is-config="true" signature="setup(java.lang.String,java.lang.String)[pri:0, instance:testCases.TC002_LoginTest@b7838a9]" started-at="2024-11-14T08:06:39 GMT-08:00" name="setup" finished-at="2024-11-14T08:06:46 GMT-08:00" duration-ms="6840" status="PASS">
          <params>
            <param index="0">
              <value>
                <![CDATA[Windows]]>
              </value>
            </param>
            <param index="1">
              <value>
                <![CDATA[chrome]]>
              </value>
            </param>
          </params>
          <reporter-output>
          </reporter-output>
        </test-method> <!-- setup -->
        <test-method signature="verify_login()[pri:0, instance:testCases.TC002_LoginTest@b7838a9]" started-at="2024-11-14T08:06:46 GMT-08:00" name="verify_login" finished-at="2024-11-14T08:06:48 GMT-08:00" duration-ms="2502" status="PASS">
          <reporter-output>
          </reporter-output>
        </test-method> <!-- verify_login -->
        <test-method is-config="true" signature="tearDown()[pri:0, instance:testCases.TC002_LoginTest@b7838a9]" started-at="2024-11-14T08:06:48 GMT-08:00" name="tearDown" finished-at="2024-11-14T08:06:49 GMT-08:00" duration-ms="362" status="PASS">
          <reporter-output>
          </reporter-output>
        </test-method> <!-- tearDown -->
      </class> <!-- testCases.TC002_LoginTest -->
    </test> <!-- Test(failed) -->
  </suite> <!-- Failed suite [Master Suite] -->
</testng-results>
